<testsuites id="" name="" tests="1" failures="1" skipped="0" errors="0" time="0.6634980000000215">
<testsuite name="smoke.spec.ts" timestamp="2025-01-02T16:03:30.201Z" hostname="Desktop Firefox" tests="1" failures="1" skipped="0" time="0" errors="0">
<testcase name="Menu Navigation › Validate menu navigation for desktop" classname="smoke.spec.ts" time="0">
<failure message="smoke.spec.ts:5:7 Validate menu navigation for desktop" type="FAILURE">
<![CDATA[  [Desktop Firefox] › smoke.spec.ts:5:7 › Menu Navigation › Validate menu navigation for desktop ───

    TypeError: Cannot read properties of undefined (reading 'project')
]]>
</failure>
</testcase>
</testsuite>
</testsuites>